{
  "RSpec": {
    "coverage": {
      "/Users/student/Desktop/projects2/tech-tests/bank-account/spec/bankaccount_spec.rb": {
        "lines": [
          1,
          1,
          null,
          1,
          null,
          1,
          1,
          null,
          null,
          1,
          2,
          1,
          4,
          null,
          null,
          null,
          1,
          2,
          1,
          4,
          null,
          null,
          null,
          1,
          1,
          1,
          1,
          null,
          null,
          null,
          1,
          1,
          1,
          1,
          5,
          1,
          2,
          null,
          null,
          null,
          null,
          null,
          null,
          null,
          null,
          null,
          null
        ]
      },
      "/Users/student/Desktop/projects2/tech-tests/bank-account/lib/bankaccount.rb": {
        "lines": [
          1,
          1,
          1,
          null,
          1,
          null,
          1,
          7,
          7,
          7,
          null,
          null,
          null,
          1,
          5,
          5,
          5,
          null,
          null,
          1,
          2,
          2,
          2,
          null,
          null,
          null,
          1,
          1,
          1,
          null,
          null,
          null,
          null,
          null,
          null,
          null,
          null,
          null,
          null,
          null,
          null
        ]
      },
      "/Users/student/Desktop/projects2/tech-tests/bank-account/lib/statement.rb": {
        "lines": [
          null,
          1,
          null,
          1,
          null,
          2,
          null,
          null,
          null,
          1,
          null,
          null,
          3,
          null,
          3,
          null,
          null,
          null
        ]
      },
      "/Users/student/Desktop/projects2/tech-tests/bank-account/spec/statement_spec.rb": {
        "lines": [
          1,
          1,
          1,
          null,
          null,
          1,
          1,
          null,
          1,
          1,
          1,
          1,
          1,
          null,
          null,
          null,
          null,
          null,
          null
        ]
      }
    },
    "timestamp": 1587478144
  }
}
